Vercel CLI 56.3.2 (Node.js 22.22.2)
Retrieving project…
Deploying nithwins-projects/frontend
Uploading [--------------------] (0.0B/95B)
Uploading [====================] (95.0B/95B)
  Inspect         https://vercel.com/nithwins-projects/frontend/GeutazzKBLa3UVDKkt4mHVc62c9e
  Production      https://frontend-opctfdafc-nithwins-projects.vercel.app
https://frontend-opctfdafc-nithwins-projects.vercel.appBuilding…
Building…
Running build in Washington, D.C., USA (East) – iad1
Build machine configuration: 2 cores, 8 GB
Retrieving list of deployment files...
Previous build caches not available.
Downloading 77 deployment files...
Running "vercel build"
Vercel CLI 56.2.0
Installing dependencies...
added 372 packages in 12s
147 packages are looking for funding
run `npm fund` for details
Detected Next.js version: 16.1.6
Running "npm run build"
> frontend@0.1.0 build
> next build
Attention: Next.js now collects completely anonymous telemetry regarding usage.
This information is used to shape Next.js' roadmap and prioritize features.
You can learn more, including how to opt-out if you'd not like to participate in this anonymous program, by visiting the following URL:
https://nextjs.org/telemetry
▲ Next.js 16.1.6 (Turbopack)
Creating an optimized production build ...
✓ Compiled successfully in 9.6s
Running TypeScript ...
Collecting page data using 1 worker ...
Generating static pages using 1 worker (0/12) ...
Generating static pages using 1 worker (3/12)
Generating static pages using 1 worker (6/12)
Generating static pages using 1 worker (9/12)
✓ Generating static pages using 1 worker (12/12) in 317.2ms
Finalizing page optimization ...
Route (app)
┌ ○ /
├ ○ /_not-found
├ ○ /alerts
├ ○ /camera
├ ○ /detect
├ ○ /detect-video
├ ○ /faces
├ ○ /icon.svg
├ ○ /nn-training
└ ○ /yolo-architecture
○  (Static)  prerendered as static content
Traced Next.js server files in: 45.683ms
Created all serverless functions in: 189.157ms
Collected static files (public/, static/, .next/static): 5.448ms
Build Completed in /vercel/output [31s]
Deploying outputs...
[2K[1A[2K[G  Production      https://frontend-opctfdafc-nithwins-projects.vercel.app
Completing…
▲ Aliased         https://frontend-pi-ochre-31.vercel.app

✓ Ready in 40s

Common next commands:
- `vercel inspect frontend-opctfdafc-nithwins-projects.vercel.app --logs`
- `vercel redeploy frontend-opctfdafc-nithwins-projects.vercel.app`
